<?xml version="1.0" encoding="UTF-8"?>
<testng-results ignored="0" total="1" passed="1" failed="0" skipped="0">
  <reporter-output>
  </reporter-output>
  <suite started-at="2021-09-15T19:04:35 IST" name="Suite" finished-at="2021-09-15T19:04:35 IST" duration-ms="51">
    <groups>
    </groups>
    <test started-at="2021-09-15T19:04:35 IST" name="Test" finished-at="2021-09-15T19:04:35 IST" duration-ms="51">
      <class name="com.amazon.runner.testRunner">
        <test-method signature="method1()[pri:0, instance:com.amazon.runner.testRunner@179ece50]" started-at="2021-09-15T19:04:35 IST" name="method1" finished-at="2021-09-15T19:04:35 IST" duration-ms="17" status="PASS">
          <reporter-output>
          </reporter-output>
        </test-method> <!-- method1 -->
      </class> <!-- com.amazon.runner.testRunner -->
    </test> <!-- Test -->
  </suite> <!-- Suite -->
</testng-results>
