<?xml version="1.0" encoding="UTF-8"?>
<testng-results ignored="0" total="1" passed="1" failed="0" skipped="0">
  <reporter-output>
  </reporter-output>
  <suite started-at="2021-09-15T19:03:04 IST" name="Default suite" finished-at="2021-09-15T19:03:04 IST" duration-ms="32">
    <groups>
    </groups>
    <test started-at="2021-09-15T19:03:04 IST" name="Default test" finished-at="2021-09-15T19:03:04 IST" duration-ms="32">
      <class name="com.amazon.runner.testRunner">
        <test-method signature="method1()[pri:0, instance:com.amazon.runner.testRunner@28f3b248]" started-at="2021-09-15T19:03:04 IST" name="method1" finished-at="2021-09-15T19:03:04 IST" duration-ms="6" status="PASS">
          <reporter-output>
          </reporter-output>
        </test-method> <!-- method1 -->
      </class> <!-- com.amazon.runner.testRunner -->
    </test> <!-- Default test -->
  </suite> <!-- Default suite -->
</testng-results>
